<?xml version="1.0" encoding="UTF-8"?>
<!-- Generated by org.testng.reporters.JUnitXMLReporter -->
<testsuite ignored="0" hostname="MyPC" failures="1" tests="7" name="Test" time="3.981" errors="0" timestamp="2024-05-23T02:03:00 IST">
  <testcase classname="restAssuredTests.ApiTestCases" name="verifyJsonSchema" time="2.812"/>
  <testcase classname="restAssuredTests.ApiTestCases" name="verifyPrice" time="0.218"/>
  <testcase classname="restAssuredTests.ApiTestCases" name="verifyResponseTime" time="0.2">
    <failure type="java.lang.AssertionError" message="Response time is less than 3 seconds expected [true] but found [false]">
      <![CDATA[java.lang.AssertionError: Response time is less than 3 seconds expected [true] but found [false]
at restAssuredTests.ApiTestCases.verifyResponseTime(ApiTestCases.java:146)
at java.base/java.util.ArrayList.forEach(ArrayList.java:1511)
... Removed 32 stack frames]]>
    </failure>
  </testcase> <!-- verifyResponseTime -->
  <testcase classname="restAssuredTests.ApiTestCases" name="verifyStatus" time="0.183"/>
  <testcase classname="restAssuredTests.ApiTestCases" name="verifyStatusCode" time="0.168"/>
  <testcase classname="restAssuredTests.ApiTestCases" name="verifyTotalCurrencies" time="0.184"/>
  <testcase classname="restAssuredTests.ApiTestCases" name="verifyUSDToAEDPrice" time="0.166"/>
</testsuite> <!-- Test -->
