<?xml version="1.0" encoding="UTF-8"?>
<!-- Generated by org.testng.reporters.JUnitXMLReporter -->
<testsuite ignored="0" hostname="MyPC" failures="1" tests="7" name="Test" time="5.367" errors="0" timestamp="2024-05-22T23:20:57 IST">
  <testcase classname="restAssuredTests.ApiTestCases" name="verifyJsonSchema" time="3.03"/>
  <testcase classname="restAssuredTests.ApiTestCases" name="verifyPrice" time="0.383"/>
  <testcase classname="restAssuredTests.ApiTestCases" name="verifyResponseTime" time="0.414">
    <failure type="java.lang.AssertionError" message="Response time is less than 3 seconds expected [true] but found [false]">
      <![CDATA[java.lang.AssertionError: Response time is less than 3 seconds expected [true] but found [false]
at restAssuredTests.ApiTestCases.verifyResponseTime(ApiTestCases.java:146)
at java.base/java.util.ArrayList.forEach(ArrayList.java:1511)
... Removed 32 stack frames]]>
    </failure>
  </testcase> <!-- verifyResponseTime -->
  <testcase classname="restAssuredTests.ApiTestCases" name="verifyStatus" time="0.367"/>
  <testcase classname="restAssuredTests.ApiTestCases" name="verifyStatusCode" time="0.41"/>
  <testcase classname="restAssuredTests.ApiTestCases" name="verifyTotalCurrencies" time="0.322"/>
  <testcase classname="restAssuredTests.ApiTestCases" name="verifyUSDToAEDPrice" time="0.401"/>
</testsuite> <!-- Test -->
