<?xml version="1.0" encoding="UTF-8"?>
<!-- Generated by org.testng.reporters.JUnitXMLReporter -->
<testsuite ignored="6" hostname="MyPC" failures="1" tests="1" name="Test(failed)" time="2.316" errors="0" timestamp="2024-05-22T21:29:10 IST">
  <testcase classname="restAssuredTests.ApiTestCases" name="verifyResponseTime" time="2.288">
    <failure type="java.lang.AssertionError" message="Response time is less than 3 seconds expected [true] but found [false]">
      <![CDATA[java.lang.AssertionError: Response time is less than 3 seconds expected [true] but found [false]
at restAssuredTests.ApiTestCases.verifyResponseTime(ApiTestCases.java:146)
at java.base/java.util.ArrayList.forEach(ArrayList.java:1511)
... Removed 30 stack frames]]>
    </failure>
  </testcase> <!-- verifyResponseTime -->
  <testcase classname="restAssuredTests.ApiTestCases" name="verifyUSDToAEDPrice" time="0.0">
    <ignored/>
  </testcase> <!-- verifyUSDToAEDPrice -->
  <testcase classname="restAssuredTests.ApiTestCases" name="verifyStatusCode" time="0.0">
    <ignored/>
  </testcase> <!-- verifyStatusCode -->
  <testcase classname="restAssuredTests.ApiTestCases" name="verifyPrice" time="0.0">
    <ignored/>
  </testcase> <!-- verifyPrice -->
  <testcase classname="restAssuredTests.ApiTestCases" name="verifyJsonSchema" time="0.0">
    <ignored/>
  </testcase> <!-- verifyJsonSchema -->
  <testcase classname="restAssuredTests.ApiTestCases" name="verifyTotalCurrencies" time="0.0">
    <ignored/>
  </testcase> <!-- verifyTotalCurrencies -->
  <testcase classname="restAssuredTests.ApiTestCases" name="verifyStatus" time="0.0">
    <ignored/>
  </testcase> <!-- verifyStatus -->
</testsuite> <!-- Test(failed) -->
